<?xml version="1.0" encoding="UTF-8"?>
<testng-results ignored="0" total="2" passed="2" failed="0" skipped="0">
  <reporter-output>
  </reporter-output>
  <suite started-at="2021-07-21T05:20:23Z" name="Default suite" finished-at="2021-07-21T05:20:38Z" duration-ms="14577">
    <groups>
    </groups>
    <test started-at="2021-07-21T05:20:23Z" name="Default test" finished-at="2021-07-21T05:20:38Z" duration-ms="14577">
      <class name="TestNG.DataProvidersnew">
        <test-method is-config="true" signature="check()[pri:0, instance:TestNG.DataProvidersnew@14ec4505]" started-at="2021-07-21T05:20:23Z" name="check" finished-at="2021-07-21T05:20:26Z" duration-ms="3307" status="PASS">
          <reporter-output>
          </reporter-output>
        </test-method> <!-- check -->
        <test-method signature="checkDataProvider(java.lang.String, java.lang.String)[pri:0, instance:TestNG.DataProvidersnew@14ec4505]" started-at="2021-07-21T05:20:26Z" name="checkDataProvider" data-provider="TestData" finished-at="2021-07-21T05:20:31Z" duration-ms="4422" status="PASS">
          <params>
            <param index="0">
              <value>
                <![CDATA[Martin]]>
              </value>
            </param>
            <param index="1">
              <value>
                <![CDATA[M@rtin26]]>
              </value>
            </param>
          </params>
          <reporter-output>
          </reporter-output>
        </test-method> <!-- checkDataProvider -->
        <test-method is-config="true" signature="check()[pri:0, instance:TestNG.DataProvidersnew@14ec4505]" started-at="2021-07-21T05:20:31Z" name="check" finished-at="2021-07-21T05:20:33Z" duration-ms="2189" status="PASS">
          <reporter-output>
          </reporter-output>
        </test-method> <!-- check -->
        <test-method signature="checkDataProvider(java.lang.String, java.lang.String)[pri:0, instance:TestNG.DataProvidersnew@14ec4505]" started-at="2021-07-21T05:20:33Z" name="checkDataProvider" data-provider="TestData" finished-at="2021-07-21T05:20:38Z" duration-ms="4608" status="PASS">
          <params>
            <param index="0">
              <value>
                <![CDATA[NewNAme]]>
              </value>
            </param>
            <param index="1">
              <value>
                <![CDATA[NewPassword]]>
              </value>
            </param>
          </params>
          <reporter-output>
          </reporter-output>
        </test-method> <!-- checkDataProvider -->
      </class> <!-- TestNG.DataProvidersnew -->
    </test> <!-- Default test -->
  </suite> <!-- Default suite -->
</testng-results>
